{"level":"info","message":"MongoDB Connected","timestamp":"2026-04-06 00:12:42"}
{"level":"info","message":"Backend running on 8001 in development mode","timestamp":"2026-04-06 00:12:42"}
{"level":"info","message":"User logged in: isotechsolution.in@gmail.com","timestamp":"2026-04-06 00:16:46"}
{"level":"info","message":"Creating order for user: 69d0422e970fa8c611dec640","timestamp":"2026-04-06 00:17:30"}
{"level":"info","message":"Creating order for user: 69d0422e970fa8c611dec640","timestamp":"2026-04-06 00:17:56"}
{"level":"info","message":"Admin logged in: ky7708780@gmail.com","timestamp":"2026-04-06 00:18:31"}
{"level":"info","message":"Marking order 69d2ae5c03e91cf625c008c8 as PAID","timestamp":"2026-04-06 00:18:48"}
{"level":"info","message":"Marking order 69d2ae4203e91cf625c008b7 as PAID","timestamp":"2026-04-06 00:19:44"}
{"level":"info","message":"User logged in: isotechsolution.in@gmail.com","timestamp":"2026-04-06 00:30:35"}
{"level":"info","message":"Creating order for user: 69d0422e970fa8c611dec640","timestamp":"2026-04-06 00:31:13"}
{"level":"info","message":"Creating order for user: 69d0422e970fa8c611dec640","timestamp":"2026-04-06 00:31:43"}
{"level":"info","message":"User logged in: isotechsolution.in@gmail.com","timestamp":"2026-04-06 00:35:29"}
{"level":"info","message":"Creating order for user: 69d0422e970fa8c611dec640","timestamp":"2026-04-06 00:35:48"}
{"body":{},"level":"warn","message":"GET /api/products/undefined - 400 - Cast to ObjectId failed for value \"undefined\" (type string) at path \"_id\" for model \"Product\"","params":{},"query":{},"stack":"CastError: Cast to ObjectId failed for value \"undefined\" (type string) at path \"_id\" for model \"Product\"\n    at SchemaObjectId.cast (C:\\Users\\AMC\\OneDrive\\Desktop\\Doller coa\\backend\\node_modules\\mongoose\\lib\\schema\\objectId.js:253:11)\n    at SchemaType.applySetters (C:\\Users\\AMC\\OneDrive\\Desktop\\Doller coa\\backend\\node_modules\\mongoose\\lib\\schemaType.js:1288:12)\n    at SchemaType.castForQuery (C:\\Users\\AMC\\OneDrive\\Desktop\\Doller coa\\backend\\node_modules\\mongoose\\lib\\schemaType.js:1724:17)\n    at cast (C:\\Users\\AMC\\OneDrive\\Desktop\\Doller coa\\backend\\node_modules\\mongoose\\lib\\cast.js:390:32)\n    at Query.cast (C:\\Users\\AMC\\OneDrive\\Desktop\\Doller coa\\backend\\node_modules\\mongoose\\lib\\query.js:5060:12)\n    at Query._castConditions (C:\\Users\\AMC\\OneDrive\\Desktop\\Doller coa\\backend\\node_modules\\mongoose\\lib\\query.js:2374:10)\n    at model.Query._findOne (C:\\Users\\AMC\\OneDrive\\Desktop\\Doller coa\\backend\\node_modules\\mongoose\\lib\\query.js:2697:8)\n    at model.Query.exec (C:\\Users\\AMC\\OneDrive\\Desktop\\Doller coa\\backend\\node_modules\\mongoose\\lib\\query.js:4627:80)\n    at process.processTicksAndRejections (node:internal/process/task_queues:103:5)\n    at async ProductRepository.findById (C:\\Users\\AMC\\OneDrive\\Desktop\\Doller coa\\backend\\repositories\\base.repository.js:11:12)","timestamp":"2026-04-06 00:36:05","user":"anonymous"}
{"body":{},"level":"warn","message":"GET /api/orders/check-review/undefined - 400 - Cast to ObjectId failed for value \"undefined\" (type string) at path \"productId\" for model \"Order\"","params":{},"query":{},"stack":"CastError: Cast to ObjectId failed for value \"undefined\" (type string) at path \"productId\" for model \"Order\"\n    at SchemaObjectId.cast (C:\\Users\\AMC\\OneDrive\\Desktop\\Doller coa\\backend\\node_modules\\mongoose\\lib\\schema\\objectId.js:253:11)\n    at SchemaType.applySetters (C:\\Users\\AMC\\OneDrive\\Desktop\\Doller coa\\backend\\node_modules\\mongoose\\lib\\schemaType.js:1288:12)\n    at SchemaType.castForQuery (C:\\Users\\AMC\\OneDrive\\Desktop\\Doller coa\\backend\\node_modules\\mongoose\\lib\\schemaType.js:1724:17)\n    at cast (C:\\Users\\AMC\\OneDrive\\Desktop\\Doller coa\\backend\\node_modules\\mongoose\\lib\\cast.js:390:32)\n    at Query.cast (C:\\Users\\AMC\\OneDrive\\Desktop\\Doller coa\\backend\\node_modules\\mongoose\\lib\\query.js:5060:12)\n    at Query._castConditions (C:\\Users\\AMC\\OneDrive\\Desktop\\Doller coa\\backend\\node_modules\\mongoose\\lib\\query.js:2374:10)\n    at model.Query._findOne (C:\\Users\\AMC\\OneDrive\\Desktop\\Doller coa\\backend\\node_modules\\mongoose\\lib\\query.js:2697:8)\n    at model.Query.exec (C:\\Users\\AMC\\OneDrive\\Desktop\\Doller coa\\backend\\node_modules\\mongoose\\lib\\query.js:4627:80)\n    at process.processTicksAndRejections (node:internal/process/task_queues:103:5)\n    at async C:\\Users\\AMC\\OneDrive\\Desktop\\Doller coa\\backend\\controllers\\order.controller.js:137:17","timestamp":"2026-04-06 00:36:06","user":"69d0422e970fa8c611dec640"}
{"body":{},"level":"warn","message":"GET /api/orders/check-review/undefined - 400 - Cast to ObjectId failed for value \"undefined\" (type string) at path \"productId\" for model \"Order\"","params":{},"query":{},"stack":"CastError: Cast to ObjectId failed for value \"undefined\" (type string) at path \"productId\" for model \"Order\"\n    at SchemaObjectId.cast (C:\\Users\\AMC\\OneDrive\\Desktop\\Doller coa\\backend\\node_modules\\mongoose\\lib\\schema\\objectId.js:253:11)\n    at SchemaType.applySetters (C:\\Users\\AMC\\OneDrive\\Desktop\\Doller coa\\backend\\node_modules\\mongoose\\lib\\schemaType.js:1288:12)\n    at SchemaType.castForQuery (C:\\Users\\AMC\\OneDrive\\Desktop\\Doller coa\\backend\\node_modules\\mongoose\\lib\\schemaType.js:1724:17)\n    at cast (C:\\Users\\AMC\\OneDrive\\Desktop\\Doller coa\\backend\\node_modules\\mongoose\\lib\\cast.js:390:32)\n    at Query.cast (C:\\Users\\AMC\\OneDrive\\Desktop\\Doller coa\\backend\\node_modules\\mongoose\\lib\\query.js:5060:12)\n    at Query._castConditions (C:\\Users\\AMC\\OneDrive\\Desktop\\Doller coa\\backend\\node_modules\\mongoose\\lib\\query.js:2374:10)\n    at model.Query._findOne (C:\\Users\\AMC\\OneDrive\\Desktop\\Doller coa\\backend\\node_modules\\mongoose\\lib\\query.js:2697:8)\n    at model.Query.exec (C:\\Users\\AMC\\OneDrive\\Desktop\\Doller coa\\backend\\node_modules\\mongoose\\lib\\query.js:4627:80)\n    at process.processTicksAndRejections (node:internal/process/task_queues:103:5)\n    at async C:\\Users\\AMC\\OneDrive\\Desktop\\Doller coa\\backend\\controllers\\order.controller.js:137:17","timestamp":"2026-04-06 00:36:06","user":"69d0422e970fa8c611dec640"}
{"body":{},"level":"warn","message":"GET /api/orders/check-review/undefined - 400 - Cast to ObjectId failed for value \"undefined\" (type string) at path \"productId\" for model \"Order\"","params":{},"query":{},"stack":"CastError: Cast to ObjectId failed for value \"undefined\" (type string) at path \"productId\" for model \"Order\"\n    at SchemaObjectId.cast (C:\\Users\\AMC\\OneDrive\\Desktop\\Doller coa\\backend\\node_modules\\mongoose\\lib\\schema\\objectId.js:253:11)\n    at SchemaType.applySetters (C:\\Users\\AMC\\OneDrive\\Desktop\\Doller coa\\backend\\node_modules\\mongoose\\lib\\schemaType.js:1288:12)\n    at SchemaType.castForQuery (C:\\Users\\AMC\\OneDrive\\Desktop\\Doller coa\\backend\\node_modules\\mongoose\\lib\\schemaType.js:1724:17)\n    at cast (C:\\Users\\AMC\\OneDrive\\Desktop\\Doller coa\\backend\\node_modules\\mongoose\\lib\\cast.js:390:32)\n    at Query.cast (C:\\Users\\AMC\\OneDrive\\Desktop\\Doller coa\\backend\\node_modules\\mongoose\\lib\\query.js:5060:12)\n    at Query._castConditions (C:\\Users\\AMC\\OneDrive\\Desktop\\Doller coa\\backend\\node_modules\\mongoose\\lib\\query.js:2374:10)\n    at model.Query._findOne (C:\\Users\\AMC\\OneDrive\\Desktop\\Doller coa\\backend\\node_modules\\mongoose\\lib\\query.js:2697:8)\n    at model.Query.exec (C:\\Users\\AMC\\OneDrive\\Desktop\\Doller coa\\backend\\node_modules\\mongoose\\lib\\query.js:4627:80)\n    at process.processTicksAndRejections (node:internal/process/task_queues:103:5)\n    at async C:\\Users\\AMC\\OneDrive\\Desktop\\Doller coa\\backend\\controllers\\order.controller.js:137:17","timestamp":"2026-04-06 00:36:20","user":"69d0422e970fa8c611dec640"}
{"level":"info","message":"User logged in: isotechsolution.in@gmail.com","timestamp":"2026-04-06 00:44:56"}
{"level":"info","message":"Creating order for user: 69d0422e970fa8c611dec640","timestamp":"2026-04-06 00:47:01"}
{"level":"info","message":"Admin logged in: ky7708780@gmail.com","timestamp":"2026-04-06 00:48:56"}
{"level":"info","message":"Marking order 69d2b52d03e91cf625c00ab8 as PAID","timestamp":"2026-04-06 00:49:16"}
{"level":"info","message":"MongoDB Connected","timestamp":"2026-04-06 00:51:31"}
{"level":"info","message":"MongoDB Connected","timestamp":"2026-04-06 00:52:56"}
{"level":"info","message":"Backend running on 8001 in development mode","timestamp":"2026-04-06 00:52:56"}
{"level":"info","message":"Admin logged in: ky7708780@gmail.com","timestamp":"2026-04-06 01:02:22"}
{"level":"info","message":"User logged in: isotechsolution.in@gmail.com","timestamp":"2026-04-06 01:03:35"}
{"level":"info","message":"User logged in: isotechsolution.in@gmail.com","timestamp":"2026-04-06 01:03:55"}
{"level":"info","message":"User logged in: isotechsolution.in@gmail.com","timestamp":"2026-04-06 01:04:18"}
{"level":"info","message":"User logged in: isotechsolution.in@gmail.com","timestamp":"2026-04-06 01:04:55"}
{"level":"info","message":"User logged in: isotechsolution.in@gmail.com","timestamp":"2026-04-06 01:10:06"}
{"level":"info","message":"Exporting all orders for admin: 69d03ad1970fa8c611dec588","timestamp":"2026-04-06 01:10:52"}
{"level":"info","message":"User logged in: isotechsolution.in@gmail.com","timestamp":"2026-04-06 01:15:00"}
{"level":"info","message":"User logged in: isotechsolution.in@gmail.com","timestamp":"2026-04-06 01:23:02"}
{"level":"info","message":"MongoDB Connected","timestamp":"2026-04-06 19:46:40"}
{"level":"info","message":"Backend running on 8001 in development mode","timestamp":"2026-04-06 19:46:42"}
{"level":"info","message":"MongoDB Connected","timestamp":"2026-04-07 21:14:40"}
{"level":"info","message":"Backend running on 8001 in development mode","timestamp":"2026-04-07 21:14:42"}
